2018-12-03T03:10:51.094Z - normal: Load ~/.CocosCreator/settings.json
2018-12-03T03:10:51.098Z - normal: checking language setting...
2018-12-03T03:10:51.098Z - normal: Language: zh
2018-12-03T03:10:52.899Z - success: protocol editor-framework registered
2018-12-03T03:10:52.899Z - success: protocol app registered
2018-12-03T03:10:52.899Z - success: protocol theme registered
2018-12-03T03:10:52.899Z - success: protocol packages registered
2018-12-03T03:10:52.899Z - success: protocol unpack registerred
2018-12-03T03:10:52.899Z - success: protocol disable-commonjs registerred
2018-12-03T03:10:53.383Z - normal: connected!
2018-12-03T03:10:53.386Z - normal: Check project E:\GitStone\tutorial-duang-sheep\duang-sheep
2018-12-03T03:11:00.112Z - normal: Initializing project E:\GitStone\tutorial-duang-sheep\duang-sheep
2018-12-03T03:11:00.122Z - normal: Initializing Cocos2d
2018-12-03T03:11:00.759Z - normal: Initializing Asset Database
2018-12-03T03:11:00.806Z - success: protocol uuid registerred
2018-12-03T03:11:00.806Z - success: protocol db registerred
2018-12-03T03:11:00.806Z - success: protocol thumbnail registerred
2018-12-03T03:11:00.806Z - normal: Loading editor/builtin packages
2018-12-03T03:11:00.990Z - success: assets loaded
2018-12-03T03:11:00.994Z - success: builder loaded
2018-12-03T03:11:00.997Z - success: cocos-analytics loaded
2018-12-03T03:11:01.002Z - success: console loaded
2018-12-03T03:11:01.037Z - success: fb-instant-games loaded
2018-12-03T03:11:01.038Z - success: google-instant-games loaded
2018-12-03T03:11:01.044Z - success: hierarchy loaded
2018-12-03T03:11:01.049Z - success: inspector loaded
2018-12-03T03:11:01.051Z - success: keystore loaded
2018-12-03T03:11:01.057Z - success: node-library loaded
2018-12-03T03:11:01.059Z - success: package-asset loaded
2018-12-03T03:11:01.061Z - success: preferences loaded
2018-12-03T03:11:01.063Z - success: project-exporter loaded
2018-12-03T03:11:01.083Z - success: project-importer loaded
2018-12-03T03:11:01.085Z - success: project-settings loaded
2018-12-03T03:11:01.088Z - success: ui-kit loaded
2018-12-03T03:11:01.091Z - success: scene loaded
2018-12-03T03:11:01.092Z - success: sprite-editor loaded
2018-12-03T03:11:01.096Z - success: store loaded
2018-12-03T03:11:01.099Z - success: timeline loaded
2018-12-03T03:11:01.100Z - normal: Loading builtin packages
2018-12-03T03:11:01.115Z - success: asset-db-debugger loaded
2018-12-03T03:11:01.119Z - success: code-editor loaded
2018-12-03T03:11:01.119Z - success: color-picker loaded
2018-12-03T03:11:01.232Z - success: google-play-instant loaded
2018-12-03T03:11:01.233Z - success: jsb-adapter loaded
2018-12-03T03:11:01.237Z - success: oppo-runtime loaded
2018-12-03T03:11:01.242Z - success: package-manager loaded
2018-12-03T03:11:01.378Z - success: qqplay-adapter loaded
2018-12-03T03:11:01.458Z - success: sdkbox loaded
2018-12-03T03:11:01.464Z - success: tester loaded
2018-12-03T03:11:01.471Z - success: ui-grid loaded
2018-12-03T03:11:01.474Z - success: ui-kit-preview-extra loaded
2018-12-03T03:11:01.477Z - success: ui-kit-preview loaded
2018-12-03T03:11:01.479Z - success: ui-tree loaded
2018-12-03T03:11:01.483Z - success: vivo-runtime loaded
2018-12-03T03:11:01.484Z - success: weapp-adapter loaded
2018-12-03T03:11:02.002Z - normal: Loading packages
2018-12-03T03:11:02.009Z - normal: Watching packages
2018-12-03T03:11:02.488Z - normal: Run Application
2018-12-03T03:11:03.828Z - success: preview server running at http://localhost:7456
2018-12-03T05:37:44.226Z - info: shutdown preview server
